05/Oct/2015:00:00:00	3447
05/Oct/2015:01:00:00	1931
05/Oct/2015:02:00:00	1127
05/Oct/2015:03:00:00	629
05/Oct/2015:04:00:00	678
05/Oct/2015:05:00:00	822
05/Oct/2015:06:00:00	1640
05/Oct/2015:07:00:00	18456
05/Oct/2015:08:00:00	11324
05/Oct/2015:09:00:00	9511
05/Oct/2015:10:00:00	9714
05/Oct/2015:11:00:00	13011
05/Oct/2015:12:00:00	19327
05/Oct/2015:13:00:00	8746
05/Oct/2015:14:00:00	9941
05/Oct/2015:15:00:00	10560
05/Oct/2015:16:00:00	12487
05/Oct/2015:17:00:00	7637
05/Oct/2015:18:00:00	5243
05/Oct/2015:19:00:00	5777
05/Oct/2015:20:00:00	6572
05/Oct/2015:21:00:00	5315
05/Oct/2015:22:00:00	6643
05/Oct/2015:23:00:00	5294
06/Oct/2015:00:00:00	5
