07/Mar/2004:16:00:00	27
07/Mar/2004:17:00:00	25
07/Mar/2004:18:00:00	24
07/Mar/2004:19:00:00	26
07/Mar/2004:20:00:00	20
07/Mar/2004:21:00:00	23
07/Mar/2004:22:00:00	29
07/Mar/2004:23:00:00	22
08/Mar/2004:00:00:00	21
08/Mar/2004:01:00:00	21
08/Mar/2004:02:00:00	27
08/Mar/2004:03:00:00	22
08/Mar/2004:04:00:00	26
08/Mar/2004:05:00:00	37
08/Mar/2004:06:00:00	17
08/Mar/2004:07:00:00	31
08/Mar/2004:08:00:00	44
08/Mar/2004:09:00:00	63
08/Mar/2004:10:00:00	39
08/Mar/2004:11:00:00	34
08/Mar/2004:12:00:00	45
08/Mar/2004:13:00:00	37
08/Mar/2004:14:00:00	23
08/Mar/2004:15:00:00	9
08/Mar/2004:16:00:00	2
08/Mar/2004:17:00:00	2
08/Mar/2004:18:00:00	9
08/Mar/2004:19:00:00	6
08/Mar/2004:20:00:00	23
08/Mar/2004:22:00:00	20
08/Mar/2004:23:00:00	1
09/Mar/2004:01:00:00	12
09/Mar/2004:02:00:00	15
09/Mar/2004:03:00:00	1
09/Mar/2004:05:00:00	24
09/Mar/2004:06:00:00	29
09/Mar/2004:07:00:00	8
09/Mar/2004:08:00:00	27
09/Mar/2004:09:00:00	2
09/Mar/2004:10:00:00	11
09/Mar/2004:11:00:00	6
09/Mar/2004:12:00:00	9
09/Mar/2004:13:00:00	8
09/Mar/2004:14:00:00	14
09/Mar/2004:15:00:00	28
09/Mar/2004:16:00:00	2
09/Mar/2004:17:00:00	8
09/Mar/2004:18:00:00	12
09/Mar/2004:20:00:00	8
09/Mar/2004:21:00:00	3
09/Mar/2004:22:00:00	5
09/Mar/2004:23:00:00	1
10/Mar/2004:00:00:00	6
10/Mar/2004:02:00:00	5
10/Mar/2004:03:00:00	17
10/Mar/2004:05:00:00	1
10/Mar/2004:07:00:00	1
10/Mar/2004:08:00:00	38
10/Mar/2004:09:00:00	3
10/Mar/2004:10:00:00	6
10/Mar/2004:11:00:00	29
10/Mar/2004:12:00:00	102
10/Mar/2004:13:00:00	13
10/Mar/2004:14:00:00	3
10/Mar/2004:15:00:00	13
10/Mar/2004:16:00:00	6
10/Mar/2004:18:00:00	2
10/Mar/2004:19:00:00	2
10/Mar/2004:20:00:00	5
10/Mar/2004:21:00:00	12
10/Mar/2004:22:00:00	13
10/Mar/2004:23:00:00	9
11/Mar/2004:00:00:00	6
11/Mar/2004:01:00:00	1
11/Mar/2004:02:00:00	1
11/Mar/2004:03:00:00	6
11/Mar/2004:06:00:00	19
11/Mar/2004:07:00:00	6
11/Mar/2004:08:00:00	8
11/Mar/2004:10:00:00	3
11/Mar/2004:11:00:00	19
11/Mar/2004:12:00:00	17
11/Mar/2004:13:00:00	46
11/Mar/2004:14:00:00	15
11/Mar/2004:15:00:00	27
11/Mar/2004:16:00:00	6
11/Mar/2004:18:00:00	4
11/Mar/2004:20:00:00	14
11/Mar/2004:23:00:00	1
12/Mar/2004:01:00:00	1
12/Mar/2004:02:00:00	2
12/Mar/2004:03:00:00	1
12/Mar/2004:04:00:00	5
12/Mar/2004:05:00:00	11
12/Mar/2004:08:00:00	1
12/Mar/2004:09:00:00	2
12/Mar/2004:11:00:00	25
12/Mar/2004:12:00:00	22
12/Mar/2004:13:00:00	3
